Determining if the include file io.h exists failed with the following output:
Change Dir: /home/proficionlcm/vscode/ShopSmart-Tracker/kivy-deps-build/kivy-dependencies/build/SDL2_image-2.8.0/build/CMakeFiles/CMakeTmp

Run Build Command(s):/usr/bin/ninja cmTC_a4082 && [1/2] Building C object CMakeFiles/cmTC_a4082.dir/CheckIncludeFile.c.o
FAILED: CMakeFiles/cmTC_a4082.dir/CheckIncludeFile.c.o 
/usr/bin/cc   -Wall -Winline -W -Wformat-security -Wpointer-arith -Wdisabled-optimization -Wno-unknown-pragmas -Wdeclaration-after-statement -fstrict-aliasing  -fPIE -o CMakeFiles/cmTC_a4082.dir/CheckIncludeFile.c.o -c CheckIncludeFile.c
CheckIncludeFile.c:1:10: fatal error: io.h: No such file or directory
    1 | #include <io.h>
      |          ^~~~~~
compilation terminated.
ninja: build stopped: subcommand failed.



Determining if the setmode exist failed with the following output:
Change Dir: /home/proficionlcm/vscode/ShopSmart-Tracker/kivy-deps-build/kivy-dependencies/build/SDL2_image-2.8.0/build/CMakeFiles/CMakeTmp

Run Build Command(s):/usr/bin/ninja cmTC_384c4 && [1/2] Building C object CMakeFiles/cmTC_384c4.dir/CheckSymbolExists.c.o
FAILED: CMakeFiles/cmTC_384c4.dir/CheckSymbolExists.c.o 
/usr/bin/cc   -Wall -Winline -W -Wformat-security -Wpointer-arith -Wdisabled-optimization -Wno-unknown-pragmas -Wdeclaration-after-statement -fstrict-aliasing  -fPIE -o CMakeFiles/cmTC_384c4.dir/CheckSymbolExists.c.o -c CheckSymbolExists.c
CheckSymbolExists.c: In function ‘main’:
CheckSymbolExists.c:8:19: error: ‘setmode’ undeclared (first use in this function)
    8 |   return ((int*)(&setmode))[argc];
      |                   ^~~~~~~
CheckSymbolExists.c:8:19: note: each undeclared identifier is reported only once for each function it appears in
CheckSymbolExists.c:4:14: warning: parameter ‘argc’ set but not used [-Wunused-but-set-parameter]
    4 | int main(int argc, char** argv)
      |          ~~~~^~~~
ninja: build stopped: subcommand failed.


File /home/proficionlcm/vscode/ShopSmart-Tracker/kivy-deps-build/kivy-dependencies/build/SDL2_image-2.8.0/build/CMakeFiles/CMakeTmp/CheckSymbolExists.c:
/* */
#include <unistd.h>

int main(int argc, char** argv)
{
  (void)argv;
#ifndef setmode
  return ((int*)(&setmode))[argc];
#else
  (void)argc;
  return 0;
#endif
}
Determining if the jbg_newlen exist failed with the following output:
Change Dir: /home/proficionlcm/vscode/ShopSmart-Tracker/kivy-deps-build/kivy-dependencies/build/SDL2_image-2.8.0/build/CMakeFiles/CMakeTmp

Run Build Command(s):/usr/bin/ninja cmTC_20c8c && [1/2] Building C object CMakeFiles/cmTC_20c8c.dir/CheckSymbolExists.c.o
FAILED: CMakeFiles/cmTC_20c8c.dir/CheckSymbolExists.c.o 
/usr/bin/cc   -Wall -Winline -W -Wformat-security -Wpointer-arith -Wdisabled-optimization -Wno-unknown-pragmas -Wdeclaration-after-statement -fstrict-aliasing  -fPIE -o CMakeFiles/cmTC_20c8c.dir/CheckSymbolExists.c.o -c CheckSymbolExists.c
CheckSymbolExists.c:2:10: fatal error: jbig.h: No such file or directory
    2 | #include <jbig.h>
      |          ^~~~~~~~
compilation terminated.
ninja: build stopped: subcommand failed.


File /home/proficionlcm/vscode/ShopSmart-Tracker/kivy-deps-build/kivy-dependencies/build/SDL2_image-2.8.0/build/CMakeFiles/CMakeTmp/CheckSymbolExists.c:
/* */
#include <jbig.h>

int main(int argc, char** argv)
{
  (void)argv;
#ifndef jbg_newlen
  return ((int*)(&jbg_newlen))[argc];
#else
  (void)argc;
  return 0;
#endif
}
Determining if the include file GL/glu.h exists failed with the following output:
Change Dir: /home/proficionlcm/vscode/ShopSmart-Tracker/kivy-deps-build/kivy-dependencies/build/SDL2_image-2.8.0/build/CMakeFiles/CMakeTmp

Run Build Command(s):/usr/bin/ninja cmTC_fda6f && [1/2] Building C object CMakeFiles/cmTC_fda6f.dir/CheckIncludeFile.c.o
FAILED: CMakeFiles/cmTC_fda6f.dir/CheckIncludeFile.c.o 
/usr/bin/cc   -Wall -Winline -W -Wformat-security -Wpointer-arith -Wdisabled-optimization -Wno-unknown-pragmas -Wdeclaration-after-statement -fstrict-aliasing  -fPIE -o CMakeFiles/cmTC_fda6f.dir/CheckIncludeFile.c.o -c CheckIncludeFile.c
CheckIncludeFile.c:1:10: fatal error: GL/glu.h: No such file or directory
    1 | #include <GL/glu.h>
      |          ^~~~~~~~~~
compilation terminated.
ninja: build stopped: subcommand failed.



Determining if the include file GL/glut.h exists failed with the following output:
Change Dir: /home/proficionlcm/vscode/ShopSmart-Tracker/kivy-deps-build/kivy-dependencies/build/SDL2_image-2.8.0/build/CMakeFiles/CMakeTmp

Run Build Command(s):/usr/bin/ninja cmTC_d3175 && [1/2] Building C object CMakeFiles/cmTC_d3175.dir/CheckIncludeFile.c.o
FAILED: CMakeFiles/cmTC_d3175.dir/CheckIncludeFile.c.o 
/usr/bin/cc   -Wall -Winline -W -Wformat-security -Wpointer-arith -Wdisabled-optimization -Wno-unknown-pragmas -Wdeclaration-after-statement -fstrict-aliasing  -fPIE -o CMakeFiles/cmTC_d3175.dir/CheckIncludeFile.c.o -c CheckIncludeFile.c
CheckIncludeFile.c:1:10: fatal error: GL/glut.h: No such file or directory
    1 | #include <GL/glut.h>
      |          ^~~~~~~~~~~
compilation terminated.
ninja: build stopped: subcommand failed.



Determining if the include file GLUT/glut.h exists failed with the following output:
Change Dir: /home/proficionlcm/vscode/ShopSmart-Tracker/kivy-deps-build/kivy-dependencies/build/SDL2_image-2.8.0/build/CMakeFiles/CMakeTmp

Run Build Command(s):/usr/bin/ninja cmTC_e0b0c && [1/2] Building C object CMakeFiles/cmTC_e0b0c.dir/CheckIncludeFile.c.o
FAILED: CMakeFiles/cmTC_e0b0c.dir/CheckIncludeFile.c.o 
/usr/bin/cc   -Wall -Winline -W -Wformat-security -Wpointer-arith -Wdisabled-optimization -Wno-unknown-pragmas -Wdeclaration-after-statement -fstrict-aliasing  -fPIE -o CMakeFiles/cmTC_e0b0c.dir/CheckIncludeFile.c.o -c CheckIncludeFile.c
CheckIncludeFile.c:1:10: fatal error: GLUT/glut.h: No such file or directory
    1 | #include <GLUT/glut.h>
      |          ^~~~~~~~~~~~~
compilation terminated.
ninja: build stopped: subcommand failed.



Determining if the include file OpenGL/gl.h exists failed with the following output:
Change Dir: /home/proficionlcm/vscode/ShopSmart-Tracker/kivy-deps-build/kivy-dependencies/build/SDL2_image-2.8.0/build/CMakeFiles/CMakeTmp

Run Build Command(s):/usr/bin/ninja cmTC_c59a7 && [1/2] Building C object CMakeFiles/cmTC_c59a7.dir/CheckIncludeFile.c.o
FAILED: CMakeFiles/cmTC_c59a7.dir/CheckIncludeFile.c.o 
/usr/bin/cc   -Wall -Winline -W -Wformat-security -Wpointer-arith -Wdisabled-optimization -Wno-unknown-pragmas -Wdeclaration-after-statement -fstrict-aliasing  -fPIE -o CMakeFiles/cmTC_c59a7.dir/CheckIncludeFile.c.o -c CheckIncludeFile.c
CheckIncludeFile.c:1:10: fatal error: OpenGL/gl.h: No such file or directory
    1 | #include <OpenGL/gl.h>
      |          ^~~~~~~~~~~~~
compilation terminated.
ninja: build stopped: subcommand failed.



Determining if the include file OpenGL/glu.h exists failed with the following output:
Change Dir: /home/proficionlcm/vscode/ShopSmart-Tracker/kivy-deps-build/kivy-dependencies/build/SDL2_image-2.8.0/build/CMakeFiles/CMakeTmp

Run Build Command(s):/usr/bin/ninja cmTC_0fa5b && [1/2] Building C object CMakeFiles/cmTC_0fa5b.dir/CheckIncludeFile.c.o
FAILED: CMakeFiles/cmTC_0fa5b.dir/CheckIncludeFile.c.o 
/usr/bin/cc   -Wall -Winline -W -Wformat-security -Wpointer-arith -Wdisabled-optimization -Wno-unknown-pragmas -Wdeclaration-after-statement -fstrict-aliasing  -fPIE -o CMakeFiles/cmTC_0fa5b.dir/CheckIncludeFile.c.o -c CheckIncludeFile.c
CheckIncludeFile.c:1:10: fatal error: OpenGL/glu.h: No such file or directory
    1 | #include <OpenGL/glu.h>
      |          ^~~~~~~~~~~~~~
compilation terminated.
ninja: build stopped: subcommand failed.



Performing C SOURCE FILE Test CMAKE_HAVE_LIBC_PTHREAD failed with the following output:
Change Dir: /home/proficionlcm/vscode/ShopSmart-Tracker/kivy-deps-build/kivy-dependencies/build/SDL2_image-2.8.0/build/CMakeFiles/CMakeTmp

Run Build Command(s):/usr/bin/ninja cmTC_1d1e6 && [1/2] Building C object CMakeFiles/cmTC_1d1e6.dir/src.c.o
[2/2] Linking C executable cmTC_1d1e6
FAILED: cmTC_1d1e6 
: && /usr/bin/cc -DCMAKE_HAVE_LIBC_PTHREAD  CMakeFiles/cmTC_1d1e6.dir/src.c.o -o cmTC_1d1e6   && :
/usr/bin/ld: CMakeFiles/cmTC_1d1e6.dir/src.c.o: in function `main':
src.c:(.text+0x2f): undefined reference to `pthread_create'
/usr/bin/ld: src.c:(.text+0x3b): undefined reference to `pthread_detach'
/usr/bin/ld: src.c:(.text+0x47): undefined reference to `pthread_cancel'
/usr/bin/ld: src.c:(.text+0x58): undefined reference to `pthread_join'
collect2: error: ld returned 1 exit status
ninja: build stopped: subcommand failed.


Source file was:
#include <pthread.h>

void* test_func(void* data)
{
  return data;
}

int main(void)
{
  pthread_t thread;
  pthread_create(&thread, NULL, test_func, NULL);
  pthread_detach(thread);
  pthread_cancel(thread);
  pthread_join(thread, NULL);
  pthread_atfork(NULL, NULL, NULL);
  pthread_exit(NULL);

  return 0;
}

Determining if the function pthread_create exists in the pthreads failed with the following output:
Change Dir: /home/proficionlcm/vscode/ShopSmart-Tracker/kivy-deps-build/kivy-dependencies/build/SDL2_image-2.8.0/build/CMakeFiles/CMakeTmp

Run Build Command(s):/usr/bin/ninja cmTC_7e414 && [1/2] Building C object CMakeFiles/cmTC_7e414.dir/CheckFunctionExists.c.o
[2/2] Linking C executable cmTC_7e414
FAILED: cmTC_7e414 
: && /usr/bin/cc -DCHECK_FUNCTION_EXISTS=pthread_create -rdynamic CMakeFiles/cmTC_7e414.dir/CheckFunctionExists.c.o -o cmTC_7e414  -lpthreads && :
/usr/bin/ld: cannot find -lpthreads
collect2: error: ld returned 1 exit status
ninja: build stopped: subcommand failed.



Performing C SOURCE FILE Test HAVE_MATH_LIBRARY failed with the following output:
Change Dir: /home/proficionlcm/vscode/ShopSmart-Tracker/kivy-deps-build/kivy-dependencies/build/SDL2_image-2.8.0/build/CMakeFiles/CMakeTmp

Run Build Command(s):/usr/bin/ninja cmTC_72603 && [1/2] Building C object CMakeFiles/cmTC_72603.dir/src.c.o
[2/2] Linking C executable cmTC_72603
FAILED: cmTC_72603 
: && /usr/bin/cc -pthread -DHAVE_MATH_LIBRARY  CMakeFiles/cmTC_72603.dir/src.c.o -o cmTC_72603   && :
/usr/bin/ld: CMakeFiles/cmTC_72603.dir/src.c.o: in function `main':
src.c:(.text+0x2f): undefined reference to `pow'
collect2: error: ld returned 1 exit status
ninja: build stopped: subcommand failed.


Source file was:

    #include <math.h>
    int main(int argc, char** argv) {
      return (int)pow(argc, 2.5);
    }
  
Determining if files OpenGL/glut.h exist failed with the following output:
Change Dir: /home/proficionlcm/vscode/ShopSmart-Tracker/kivy-deps-build/kivy-dependencies/build/SDL2_image-2.8.0/build/CMakeFiles/CMakeTmp

Run Build Command(s):/usr/bin/ninja cmTC_46bdf && [1/2] Building C object CMakeFiles/cmTC_46bdf.dir/HAVE_OPENGL_GLUT_H.c.o
FAILED: CMakeFiles/cmTC_46bdf.dir/HAVE_OPENGL_GLUT_H.c.o 
/usr/bin/cc   -pthread  -fPIE -o CMakeFiles/cmTC_46bdf.dir/HAVE_OPENGL_GLUT_H.c.o -c /home/proficionlcm/vscode/ShopSmart-Tracker/kivy-deps-build/kivy-dependencies/build/SDL2_image-2.8.0/build/CMakeFiles/CheckIncludeFiles/HAVE_OPENGL_GLUT_H.c
/home/proficionlcm/vscode/ShopSmart-Tracker/kivy-deps-build/kivy-dependencies/build/SDL2_image-2.8.0/build/CMakeFiles/CheckIncludeFiles/HAVE_OPENGL_GLUT_H.c:2:10: fatal error: OpenGL/glut.h: No such file or directory
    2 | #include <OpenGL/glut.h>
      |          ^~~~~~~~~~~~~~~
compilation terminated.
ninja: build stopped: subcommand failed.


Source:
/* */
#include <OpenGL/glut.h>


int main(void){return 0;}

Determining if files shlwapi.h exist failed with the following output:
Change Dir: /home/proficionlcm/vscode/ShopSmart-Tracker/kivy-deps-build/kivy-dependencies/build/SDL2_image-2.8.0/build/CMakeFiles/CMakeTmp

Run Build Command(s):/usr/bin/ninja cmTC_4912f && [1/2] Building C object CMakeFiles/cmTC_4912f.dir/HAVE_SHLWAPI_H.c.o
FAILED: CMakeFiles/cmTC_4912f.dir/HAVE_SHLWAPI_H.c.o 
/usr/bin/cc   -pthread  -fPIE -o CMakeFiles/cmTC_4912f.dir/HAVE_SHLWAPI_H.c.o -c /home/proficionlcm/vscode/ShopSmart-Tracker/kivy-deps-build/kivy-dependencies/build/SDL2_image-2.8.0/build/CMakeFiles/CheckIncludeFiles/HAVE_SHLWAPI_H.c
/home/proficionlcm/vscode/ShopSmart-Tracker/kivy-deps-build/kivy-dependencies/build/SDL2_image-2.8.0/build/CMakeFiles/CheckIncludeFiles/HAVE_SHLWAPI_H.c:2:10: fatal error: shlwapi.h: No such file or directory
    2 | #include <shlwapi.h>
      |          ^~~~~~~~~~~
compilation terminated.
ninja: build stopped: subcommand failed.


Source:
/* */
#include <shlwapi.h>


int main(void){return 0;}

Determining if files wincodec.h exist failed with the following output:
Change Dir: /home/proficionlcm/vscode/ShopSmart-Tracker/kivy-deps-build/kivy-dependencies/build/SDL2_image-2.8.0/build/CMakeFiles/CMakeTmp

Run Build Command(s):/usr/bin/ninja cmTC_0b82a && [1/2] Building C object CMakeFiles/cmTC_0b82a.dir/HAVE_WINCODEC_H.c.o
FAILED: CMakeFiles/cmTC_0b82a.dir/HAVE_WINCODEC_H.c.o 
/usr/bin/cc   -pthread  -fPIE -o CMakeFiles/cmTC_0b82a.dir/HAVE_WINCODEC_H.c.o -c /home/proficionlcm/vscode/ShopSmart-Tracker/kivy-deps-build/kivy-dependencies/build/SDL2_image-2.8.0/build/CMakeFiles/CheckIncludeFiles/HAVE_WINCODEC_H.c
/home/proficionlcm/vscode/ShopSmart-Tracker/kivy-deps-build/kivy-dependencies/build/SDL2_image-2.8.0/build/CMakeFiles/CheckIncludeFiles/HAVE_WINCODEC_H.c:2:10: fatal error: wincodec.h: No such file or directory
    2 | #include <wincodec.h>
      |          ^~~~~~~~~~~~
compilation terminated.
ninja: build stopped: subcommand failed.


Source:
/* */
#include <wincodec.h>


int main(void){return 0;}

Determining if files windows.h exist failed with the following output:
Change Dir: /home/proficionlcm/vscode/ShopSmart-Tracker/kivy-deps-build/kivy-dependencies/build/SDL2_image-2.8.0/build/CMakeFiles/CMakeTmp

Run Build Command(s):/usr/bin/ninja cmTC_b425e && [1/2] Building C object CMakeFiles/cmTC_b425e.dir/HAVE_WINDOWS_H.c.o
FAILED: CMakeFiles/cmTC_b425e.dir/HAVE_WINDOWS_H.c.o 
/usr/bin/cc   -pthread  -fPIE -o CMakeFiles/cmTC_b425e.dir/HAVE_WINDOWS_H.c.o -c /home/proficionlcm/vscode/ShopSmart-Tracker/kivy-deps-build/kivy-dependencies/build/SDL2_image-2.8.0/build/CMakeFiles/CheckIncludeFiles/HAVE_WINDOWS_H.c
/home/proficionlcm/vscode/ShopSmart-Tracker/kivy-deps-build/kivy-dependencies/build/SDL2_image-2.8.0/build/CMakeFiles/CheckIncludeFiles/HAVE_WINDOWS_H.c:2:10: fatal error: windows.h: No such file or directory
    2 | #include <windows.h>
      |          ^~~~~~~~~~~
compilation terminated.
ninja: build stopped: subcommand failed.


Source:
/* */
#include <windows.h>


int main(void){return 0;}

Performing C SOURCE FILE Test WEBP_HAVE_FLAG_SSE41 failed with the following output:
Change Dir: /home/proficionlcm/vscode/ShopSmart-Tracker/kivy-deps-build/kivy-dependencies/build/SDL2_image-2.8.0/build/CMakeFiles/CMakeTmp

Run Build Command(s):/usr/bin/ninja cmTC_428e6 && [1/2] Building C object CMakeFiles/cmTC_428e6.dir/src.c.o
FAILED: CMakeFiles/cmTC_428e6.dir/src.c.o 
/usr/bin/cc  -I/home/proficionlcm/vscode/ShopSmart-Tracker/kivy-deps-build/kivy-dependencies/build/SDL2_image-2.8.0/external/libwebp -pthread -DWEBP_HAVE_FLAG_SSE41 -fPIE -o CMakeFiles/cmTC_428e6.dir/src.c.o -c src.c
src.c: In function ‘main’:
src.c:5:9: error: unknown type name ‘this’
    5 |         this is not valid code
      |         ^~~~
src.c:5:17: error: expected ‘=’, ‘,’, ‘;’, ‘asm’ or ‘__attribute__’ before ‘not’
    5 |         this is not valid code
      |                 ^~~
ninja: build stopped: subcommand failed.


Source file was:

      #include "/home/proficionlcm/vscode/ShopSmart-Tracker/kivy-deps-build/kivy-dependencies/build/SDL2_image-2.8.0/external/libwebp/cmake/../src/dsp/dsp.h"
      int main(void) {
        #if !defined(WEBP_USE_SSE41)
        this is not valid code
        #endif
        return 0;
      }
    
Performing C SOURCE FILE Test WEBP_HAVE_FLAG_MIPS32 failed with the following output:
Change Dir: /home/proficionlcm/vscode/ShopSmart-Tracker/kivy-deps-build/kivy-dependencies/build/SDL2_image-2.8.0/build/CMakeFiles/CMakeTmp

Run Build Command(s):/usr/bin/ninja cmTC_6264e && [1/2] Building C object CMakeFiles/cmTC_6264e.dir/src.c.o
FAILED: CMakeFiles/cmTC_6264e.dir/src.c.o 
/usr/bin/cc  -I/home/proficionlcm/vscode/ShopSmart-Tracker/kivy-deps-build/kivy-dependencies/build/SDL2_image-2.8.0/external/libwebp -pthread -DWEBP_HAVE_FLAG_MIPS32 -fPIE -o CMakeFiles/cmTC_6264e.dir/src.c.o -c src.c
src.c: In function ‘main’:
src.c:5:9: error: unknown type name ‘this’
    5 |         this is not valid code
      |         ^~~~
src.c:5:17: error: expected ‘=’, ‘,’, ‘;’, ‘asm’ or ‘__attribute__’ before ‘not’
    5 |         this is not valid code
      |                 ^~~
ninja: build stopped: subcommand failed.


Source file was:

      #include "/home/proficionlcm/vscode/ShopSmart-Tracker/kivy-deps-build/kivy-dependencies/build/SDL2_image-2.8.0/external/libwebp/cmake/../src/dsp/dsp.h"
      int main(void) {
        #if !defined(WEBP_USE_MIPS32)
        this is not valid code
        #endif
        return 0;
      }
    
Performing C SOURCE FILE Test WEBP_HAVE_FLAG_MIPS32 failed with the following output:
Change Dir: /home/proficionlcm/vscode/ShopSmart-Tracker/kivy-deps-build/kivy-dependencies/build/SDL2_image-2.8.0/build/CMakeFiles/CMakeTmp

Run Build Command(s):/usr/bin/ninja cmTC_ff097 && [1/2] Building C object CMakeFiles/cmTC_ff097.dir/src.c.o
FAILED: CMakeFiles/cmTC_ff097.dir/src.c.o 
/usr/bin/cc  -I/home/proficionlcm/vscode/ShopSmart-Tracker/kivy-deps-build/kivy-dependencies/build/SDL2_image-2.8.0/external/libwebp -pthread -DWEBP_HAVE_FLAG_MIPS32 -mips32 -fPIE -o CMakeFiles/cmTC_ff097.dir/src.c.o -c src.c
cc: error: unrecognized command-line option ‘-mips32’; did you mean ‘-mpc32’?
ninja: build stopped: subcommand failed.


Source file was:

      #include "/home/proficionlcm/vscode/ShopSmart-Tracker/kivy-deps-build/kivy-dependencies/build/SDL2_image-2.8.0/external/libwebp/cmake/../src/dsp/dsp.h"
      int main(void) {
        #if !defined(WEBP_USE_MIPS32)
        this is not valid code
        #endif
        return 0;
      }
    
Performing C SOURCE FILE Test WEBP_HAVE_FLAG_MIPS_DSP_R2 failed with the following output:
Change Dir: /home/proficionlcm/vscode/ShopSmart-Tracker/kivy-deps-build/kivy-dependencies/build/SDL2_image-2.8.0/build/CMakeFiles/CMakeTmp

Run Build Command(s):/usr/bin/ninja cmTC_c3ba1 && [1/2] Building C object CMakeFiles/cmTC_c3ba1.dir/src.c.o
FAILED: CMakeFiles/cmTC_c3ba1.dir/src.c.o 
/usr/bin/cc  -I/home/proficionlcm/vscode/ShopSmart-Tracker/kivy-deps-build/kivy-dependencies/build/SDL2_image-2.8.0/external/libwebp -pthread -DWEBP_HAVE_FLAG_MIPS_DSP_R2 -fPIE -o CMakeFiles/cmTC_c3ba1.dir/src.c.o -c src.c
src.c: In function ‘main’:
src.c:5:9: error: unknown type name ‘this’
    5 |         this is not valid code
      |         ^~~~
src.c:5:17: error: expected ‘=’, ‘,’, ‘;’, ‘asm’ or ‘__attribute__’ before ‘not’
    5 |         this is not valid code
      |                 ^~~
ninja: build stopped: subcommand failed.


Source file was:

      #include "/home/proficionlcm/vscode/ShopSmart-Tracker/kivy-deps-build/kivy-dependencies/build/SDL2_image-2.8.0/external/libwebp/cmake/../src/dsp/dsp.h"
      int main(void) {
        #if !defined(WEBP_USE_MIPS_DSP_R2)
        this is not valid code
        #endif
        return 0;
      }
    
Performing C SOURCE FILE Test WEBP_HAVE_FLAG_MIPS_DSP_R2 failed with the following output:
Change Dir: /home/proficionlcm/vscode/ShopSmart-Tracker/kivy-deps-build/kivy-dependencies/build/SDL2_image-2.8.0/build/CMakeFiles/CMakeTmp

Run Build Command(s):/usr/bin/ninja cmTC_4ce69 && [1/2] Building C object CMakeFiles/cmTC_4ce69.dir/src.c.o
FAILED: CMakeFiles/cmTC_4ce69.dir/src.c.o 
/usr/bin/cc  -I/home/proficionlcm/vscode/ShopSmart-Tracker/kivy-deps-build/kivy-dependencies/build/SDL2_image-2.8.0/external/libwebp -pthread -DWEBP_HAVE_FLAG_MIPS_DSP_R2 -mdspr2 -fPIE -o CMakeFiles/cmTC_4ce69.dir/src.c.o -c src.c
cc: error: unrecognized command-line option ‘-mdspr2’
ninja: build stopped: subcommand failed.


Source file was:

      #include "/home/proficionlcm/vscode/ShopSmart-Tracker/kivy-deps-build/kivy-dependencies/build/SDL2_image-2.8.0/external/libwebp/cmake/../src/dsp/dsp.h"
      int main(void) {
        #if !defined(WEBP_USE_MIPS_DSP_R2)
        this is not valid code
        #endif
        return 0;
      }
    
Performing C SOURCE FILE Test HAS_COMPILE_FLAG failed with the following output:
Change Dir: /home/proficionlcm/vscode/ShopSmart-Tracker/kivy-deps-build/kivy-dependencies/build/SDL2_image-2.8.0/build/CMakeFiles/CMakeTmp

Run Build Command(s):/usr/bin/ninja cmTC_bbb56 && [1/2] Building C object CMakeFiles/cmTC_bbb56.dir/src.c.o
FAILED: CMakeFiles/cmTC_bbb56.dir/src.c.o 
/usr/bin/cc   -pthread -DHAS_COMPILE_FLAG -mdspr2 -fPIE   -mno-dspr2 -o CMakeFiles/cmTC_bbb56.dir/src.c.o -c src.c
cc: error: unrecognized command-line option '-mdspr2'
cc: error: unrecognized command-line option '-mno-dspr2'; did you mean '-mno-sse2'?
ninja: build stopped: subcommand failed.


Source file was:
int main(void) { return 0; }
Performing C SOURCE FILE Test WEBP_HAVE_FLAG_NEON failed with the following output:
Change Dir: /home/proficionlcm/vscode/ShopSmart-Tracker/kivy-deps-build/kivy-dependencies/build/SDL2_image-2.8.0/build/CMakeFiles/CMakeTmp

Run Build Command(s):/usr/bin/ninja cmTC_19f4d && [1/2] Building C object CMakeFiles/cmTC_19f4d.dir/src.c.o
FAILED: CMakeFiles/cmTC_19f4d.dir/src.c.o 
/usr/bin/cc  -I/home/proficionlcm/vscode/ShopSmart-Tracker/kivy-deps-build/kivy-dependencies/build/SDL2_image-2.8.0/external/libwebp -pthread -DWEBP_HAVE_FLAG_NEON -fPIE -o CMakeFiles/cmTC_19f4d.dir/src.c.o -c src.c
src.c: In function ‘main’:
src.c:5:9: error: unknown type name ‘this’
    5 |         this is not valid code
      |         ^~~~
src.c:5:17: error: expected ‘=’, ‘,’, ‘;’, ‘asm’ or ‘__attribute__’ before ‘not’
    5 |         this is not valid code
      |                 ^~~
ninja: build stopped: subcommand failed.


Source file was:

      #include "/home/proficionlcm/vscode/ShopSmart-Tracker/kivy-deps-build/kivy-dependencies/build/SDL2_image-2.8.0/external/libwebp/cmake/../src/dsp/dsp.h"
      int main(void) {
        #if !defined(WEBP_USE_NEON)
        this is not valid code
        #endif
        return 0;
      }
    
Performing C SOURCE FILE Test WEBP_HAVE_FLAG_NEON failed with the following output:
Change Dir: /home/proficionlcm/vscode/ShopSmart-Tracker/kivy-deps-build/kivy-dependencies/build/SDL2_image-2.8.0/build/CMakeFiles/CMakeTmp

Run Build Command(s):/usr/bin/ninja cmTC_c1150 && [1/2] Building C object CMakeFiles/cmTC_c1150.dir/src.c.o
FAILED: CMakeFiles/cmTC_c1150.dir/src.c.o 
/usr/bin/cc  -I/home/proficionlcm/vscode/ShopSmart-Tracker/kivy-deps-build/kivy-dependencies/build/SDL2_image-2.8.0/external/libwebp -pthread -DWEBP_HAVE_FLAG_NEON -mfpu=neon -fPIE -o CMakeFiles/cmTC_c1150.dir/src.c.o -c src.c
cc: error: unrecognized command-line option ‘-mfpu=neon’
ninja: build stopped: subcommand failed.


Source file was:

      #include "/home/proficionlcm/vscode/ShopSmart-Tracker/kivy-deps-build/kivy-dependencies/build/SDL2_image-2.8.0/external/libwebp/cmake/../src/dsp/dsp.h"
      int main(void) {
        #if !defined(WEBP_USE_NEON)
        this is not valid code
        #endif
        return 0;
      }
    
Performing C SOURCE FILE Test WEBP_HAVE_FLAG_MSA failed with the following output:
Change Dir: /home/proficionlcm/vscode/ShopSmart-Tracker/kivy-deps-build/kivy-dependencies/build/SDL2_image-2.8.0/build/CMakeFiles/CMakeTmp

Run Build Command(s):/usr/bin/ninja cmTC_c9a6d && [1/2] Building C object CMakeFiles/cmTC_c9a6d.dir/src.c.o
FAILED: CMakeFiles/cmTC_c9a6d.dir/src.c.o 
/usr/bin/cc  -I/home/proficionlcm/vscode/ShopSmart-Tracker/kivy-deps-build/kivy-dependencies/build/SDL2_image-2.8.0/external/libwebp -pthread -DWEBP_HAVE_FLAG_MSA -fPIE -o CMakeFiles/cmTC_c9a6d.dir/src.c.o -c src.c
src.c: In function ‘main’:
src.c:5:9: error: unknown type name ‘this’
    5 |         this is not valid code
      |         ^~~~
src.c:5:17: error: expected ‘=’, ‘,’, ‘;’, ‘asm’ or ‘__attribute__’ before ‘not’
    5 |         this is not valid code
      |                 ^~~
ninja: build stopped: subcommand failed.


Source file was:

      #include "/home/proficionlcm/vscode/ShopSmart-Tracker/kivy-deps-build/kivy-dependencies/build/SDL2_image-2.8.0/external/libwebp/cmake/../src/dsp/dsp.h"
      int main(void) {
        #if !defined(WEBP_USE_MSA)
        this is not valid code
        #endif
        return 0;
      }
    
Performing C SOURCE FILE Test WEBP_HAVE_FLAG_MSA failed with the following output:
Change Dir: /home/proficionlcm/vscode/ShopSmart-Tracker/kivy-deps-build/kivy-dependencies/build/SDL2_image-2.8.0/build/CMakeFiles/CMakeTmp

Run Build Command(s):/usr/bin/ninja cmTC_46791 && [1/2] Building C object CMakeFiles/cmTC_46791.dir/src.c.o
FAILED: CMakeFiles/cmTC_46791.dir/src.c.o 
/usr/bin/cc  -I/home/proficionlcm/vscode/ShopSmart-Tracker/kivy-deps-build/kivy-dependencies/build/SDL2_image-2.8.0/external/libwebp -pthread -DWEBP_HAVE_FLAG_MSA -mmsa -fPIE -o CMakeFiles/cmTC_46791.dir/src.c.o -c src.c
cc: error: unrecognized command-line option ‘-mmsa’
ninja: build stopped: subcommand failed.


Source file was:

      #include "/home/proficionlcm/vscode/ShopSmart-Tracker/kivy-deps-build/kivy-dependencies/build/SDL2_image-2.8.0/external/libwebp/cmake/../src/dsp/dsp.h"
      int main(void) {
        #if !defined(WEBP_USE_MSA)
        this is not valid code
        #endif
        return 0;
      }
    
Performing C SOURCE FILE Test HAS_COMPILE_FLAG failed with the following output:
Change Dir: /home/proficionlcm/vscode/ShopSmart-Tracker/kivy-deps-build/kivy-dependencies/build/SDL2_image-2.8.0/build/CMakeFiles/CMakeTmp

Run Build Command(s):/usr/bin/ninja cmTC_90ba3 && [1/2] Building C object CMakeFiles/cmTC_90ba3.dir/src.c.o
FAILED: CMakeFiles/cmTC_90ba3.dir/src.c.o 
/usr/bin/cc   -pthread -DHAS_COMPILE_FLAG -mmsa -fPIE   -mno-msa -o CMakeFiles/cmTC_90ba3.dir/src.c.o -c src.c
cc: error: unrecognized command-line option '-mmsa'
cc: error: unrecognized command-line option '-mno-msa'; did you mean '-Wno-hsa'?
ninja: build stopped: subcommand failed.


Source file was:
int main(void) { return 0; }
