Determining if the function FT_Get_Var_Blend_Coordinates exists failed with the following output:
Change Dir: /home/proficionlcm/vscode/ShopSmart-Tracker/kivy-deps-build/kivy-dependencies/build/SDL2_ttf-2.20.2/build-cmake/CMakeFiles/CMakeTmp

Run Build Command(s):/usr/bin/ninja cmTC_5499b && [1/2] Building C object CMakeFiles/cmTC_5499b.dir/CheckFunctionExists.c.o
[2/2] Linking C executable cmTC_5499b
FAILED: cmTC_5499b 
: && /usr/bin/cc -DCHECK_FUNCTION_EXISTS=FT_Get_Var_Blend_Coordinates -rdynamic CMakeFiles/cmTC_5499b.dir/CheckFunctionExists.c.o -o cmTC_5499b  -lm && :
/usr/bin/ld: CMakeFiles/cmTC_5499b.dir/CheckFunctionExists.c.o: in function `main':
CheckFunctionExists.c:(.text+0x10): undefined reference to `FT_Get_Var_Blend_Coordinates'
collect2: error: ld returned 1 exit status
ninja: build stopped: subcommand failed.



Determining if the function FT_Set_Var_Blend_Coordinates exists failed with the following output:
Change Dir: /home/proficionlcm/vscode/ShopSmart-Tracker/kivy-deps-build/kivy-dependencies/build/SDL2_ttf-2.20.2/build-cmake/CMakeFiles/CMakeTmp

Run Build Command(s):/usr/bin/ninja cmTC_1f8e3 && [1/2] Building C object CMakeFiles/cmTC_1f8e3.dir/CheckFunctionExists.c.o
[2/2] Linking C executable cmTC_1f8e3
FAILED: cmTC_1f8e3 
: && /usr/bin/cc -DCHECK_FUNCTION_EXISTS=FT_Set_Var_Blend_Coordinates -rdynamic CMakeFiles/cmTC_1f8e3.dir/CheckFunctionExists.c.o -o cmTC_1f8e3  -lm && :
/usr/bin/ld: CMakeFiles/cmTC_1f8e3.dir/CheckFunctionExists.c.o: in function `main':
CheckFunctionExists.c:(.text+0x10): undefined reference to `FT_Set_Var_Blend_Coordinates'
collect2: error: ld returned 1 exit status
ninja: build stopped: subcommand failed.



Determining if the function FT_Done_MM_Var exists failed with the following output:
Change Dir: /home/proficionlcm/vscode/ShopSmart-Tracker/kivy-deps-build/kivy-dependencies/build/SDL2_ttf-2.20.2/build-cmake/CMakeFiles/CMakeTmp

Run Build Command(s):/usr/bin/ninja cmTC_69c51 && [1/2] Building C object CMakeFiles/cmTC_69c51.dir/CheckFunctionExists.c.o
[2/2] Linking C executable cmTC_69c51
FAILED: cmTC_69c51 
: && /usr/bin/cc -DCHECK_FUNCTION_EXISTS=FT_Done_MM_Var -rdynamic CMakeFiles/cmTC_69c51.dir/CheckFunctionExists.c.o -o cmTC_69c51  -lm && :
/usr/bin/ld: CMakeFiles/cmTC_69c51.dir/CheckFunctionExists.c.o: in function `main':
CheckFunctionExists.c:(.text+0x10): undefined reference to `FT_Done_MM_Var'
collect2: error: ld returned 1 exit status
ninja: build stopped: subcommand failed.



